<?xml version="1.0" encoding="UTF-8"?>
<!-- Generated by org.testng.reporters.JUnitReportReporter -->
<testsuite hostname="BDC6-L-FCY7FL3" failures="0" tests="3" name="ui.skipdemotest" time="0.013" errors="0" timestamp="2022-04-13T11:12:39 IST" skipped="3">
  <testcase classname="ui.skipdemotest" name="skiptest3" time="0.001">
    <skipped/>
  </testcase> <!-- skiptest3 -->
  <system-out/>
  <testcase classname="ui.skipdemotest" name="skiptest2" time="0.012">
    <skipped/>
  </testcase> <!-- skiptest2 -->
  <system-out/>
  <testcase classname="ui.skipdemotest" name="skiptest1">
    <skipped/>
  </testcase> <!-- skiptest1 -->
  <system-out/>
</testsuite> <!-- ui.skipdemotest -->
