<?xml version="1.0" encoding="UTF-8"?>
<!-- Generated by org.testng.reporters.JUnitReportReporter -->
<testsuite hostname="BDC6-L-FCY7FL3" failures="0" tests="7" name="ui.dataproviderdemotest" time="0.008" errors="0" timestamp="2022-04-13T16:27:02 IST" skipped="0">
  <testcase classname="ui.dataproviderdemotest" name="test" time="0.001"/>
  <system-out/>
  <testcase classname="ui.dataproviderdemotest" name="test" time="0.004"/>
  <system-out/>
  <testcase classname="ui.dataproviderdemotest" name="test1" time="0.001"/>
  <system-out/>
  <testcase classname="ui.dataproviderdemotest" name="test1" time="0.001"/>
  <system-out/>
  <testcase classname="ui.dataproviderdemotest" name="test" time="0.000"/>
  <system-out/>
  <testcase classname="ui.dataproviderdemotest" name="test1" time="0.001"/>
  <system-out/>
  <testcase classname="ui.dataproviderdemotest" name="test" time="0.000"/>
  <system-out/>
</testsuite> <!-- ui.dataproviderdemotest -->
