<?xml version="1.0" encoding="UTF-8"?>
<!-- Generated by org.testng.reporters.JUnitReportReporter -->
<testsuite hostname="BDC6-L-FCY7FL3" failures="0" tests="1" name="ui.verifytitaltest" time="7.096" errors="0" timestamp="2022-04-13T12:10:39 IST" skipped="0">
  <testcase classname="ui.verifytitaltest" name="TitleTest" time="7.096"/>
  <system-out/>
</testsuite> <!-- ui.verifytitaltest -->
