<?xml version="1.0" encoding="UTF-8"?>
<!-- Generated by org.testng.reporters.JUnitReportReporter -->
<testsuite hostname="BDC6-L-FCY7FL3" failures="0" tests="11" name="ui.dataproviderdemotest3" time="0.017" errors="0" timestamp="2022-04-13T13:26:28 IST" skipped="0">
  <testcase classname="ui.dataproviderdemotest3" name="test2" time="0.001"/>
  <system-out/>
  <testcase classname="ui.dataproviderdemotest3" name="test" time="0.000"/>
  <system-out/>
  <testcase classname="ui.dataproviderdemotest3" name="test2" time="0.001"/>
  <system-out/>
  <testcase classname="ui.dataproviderdemotest3" name="test" time="0.007"/>
  <system-out/>
  <testcase classname="ui.dataproviderdemotest3" name="test1" time="0.002"/>
  <system-out/>
  <testcase classname="ui.dataproviderdemotest3" name="test1" time="0.001"/>
  <system-out/>
  <testcase classname="ui.dataproviderdemotest3" name="test2" time="0.001"/>
  <system-out/>
  <testcase classname="ui.dataproviderdemotest3" name="test1" time="0.002"/>
  <system-out/>
  <testcase classname="ui.dataproviderdemotest3" name="test1" time="0.001"/>
  <system-out/>
  <testcase classname="ui.dataproviderdemotest3" name="test2" time="0.001"/>
  <system-out/>
  <testcase classname="ui.dataproviderdemotest3" name="test" time="0.000"/>
  <system-out/>
</testsuite> <!-- ui.dataproviderdemotest3 -->
