<?xml version="1.0" encoding="UTF-8"?>
<!-- Generated by org.testng.reporters.JUnitReportReporter -->
<testsuite hostname="BDC6-L-FCY7FL3" failures="0" tests="4" name="ui.dataproviderdemotest2" time="32.395" errors="0" timestamp="2022-04-13T12:57:56 IST" skipped="0">
  <testcase classname="ui.dataproviderdemotest2" name="test1" time="9.050"/>
  <system-out/>
  <testcase classname="ui.dataproviderdemotest2" name="test1" time="9.539"/>
  <system-out/>
  <testcase classname="ui.dataproviderdemotest2" name="test1" time="9.955"/>
  <system-out/>
  <testcase classname="ui.dataproviderdemotest2" name="test1" time="3.851"/>
  <system-out/>
</testsuite> <!-- ui.dataproviderdemotest2 -->
