<?xml version="1.0" encoding="UTF-8"?>
<!-- Generated by org.testng.reporters.JUnitReportReporter -->
<testsuite hostname="BDC6-L-FCY7FL3" failures="0" tests="4" name="ui.groupdemotesting2" time="0.005" errors="0" timestamp="2022-04-13T12:10:39 IST" skipped="0">
  <testcase classname="ui.groupdemotesting2" name="atest3" time="0.000"/>
  <system-out/>
  <testcase classname="ui.groupdemotesting2" name="atest4" time="0.001"/>
  <system-out/>
  <testcase classname="ui.groupdemotesting2" name="btest1" time="0.001"/>
  <system-out/>
  <testcase classname="ui.groupdemotesting2" name="atest2" time="0.003"/>
  <system-out/>
</testsuite> <!-- ui.groupdemotesting2 -->
