<?xml version="1.0" encoding="UTF-8"?>
<!-- Generated by org.testng.reporters.JUnitReportReporter -->
<testsuite hostname="BDC6-L-FCY7FL3" failures="0" tests="3" name="com.test.demotest.ignoringdemo2" time="0.018" errors="0" timestamp="2022-08-17T16:39:20 IST" skipped="0">
  <testcase classname="com.test.demotest.ignoringdemo2" name="Test4" time="0.014"/>
  <system-out/>
  <testcase classname="com.test.demotest.ignoringdemo2" name="Test5" time="0.002"/>
  <system-out/>
  <testcase classname="com.test.demotest.ignoringdemo2" name="Test6" time="0.002"/>
  <system-out/>
</testsuite> <!-- com.test.demotest.ignoringdemo2 -->
