<?xml version="1.0" encoding="UTF-8"?>
<!-- Generated by org.testng.reporters.JUnitReportReporter -->
<testsuite hostname="BDC6-L-FCY7FL3" failures="0" tests="7" name="practicetestng.TestGroupDependency" time="0.020" errors="0" timestamp="2022-08-17T22:40:54 IST" skipped="0">
  <testcase classname="practicetestng.TestGroupDependency" name="test2" time="0.002"/>
  <system-out/>
  <testcase classname="practicetestng.TestGroupDependency" name="test4" time="0.001"/>
  <system-out/>
  <testcase classname="practicetestng.TestGroupDependency" name="test1" time="0.011"/>
  <system-out/>
  <testcase classname="practicetestng.TestGroupDependency" name="test7" time="0.002"/>
  <system-out/>
  <testcase classname="practicetestng.TestGroupDependency" name="test5" time="0.002"/>
  <system-out/>
  <testcase classname="practicetestng.TestGroupDependency" name="test6" time="0.001"/>
  <system-out/>
  <testcase classname="practicetestng.TestGroupDependency" name="test3" time="0.001"/>
  <system-out/>
</testsuite> <!-- practicetestng.TestGroupDependency -->
