<?xml version="1.0" encoding="UTF-8"?>
<!-- Generated by org.testng.reporters.JUnitReportReporter -->
<testsuite hostname="BDC6-L-FCY7FL3" failures="0" tests="4" name="com.parallelexecution.parallelexecutiondemo3" time="0.008" errors="0" timestamp="2022-08-18T23:33:52 IST" skipped="0">
  <testcase classname="com.parallelexecution.parallelexecutiondemo3" name="Test11" time="0.005"/>
  <system-out/>
  <testcase classname="com.parallelexecution.parallelexecutiondemo3" name="Test10" time="0.000"/>
  <system-out/>
  <testcase classname="com.parallelexecution.parallelexecutiondemo3" name="Test8" time="0.003"/>
  <system-out/>
  <testcase classname="com.parallelexecution.parallelexecutiondemo3" name="Test9" time="0.000"/>
  <system-out/>
</testsuite> <!-- com.parallelexecution.parallelexecutiondemo3 -->
