<?xml version="1.0" encoding="UTF-8"?>
<!-- Generated by org.testng.reporters.JUnitReportReporter -->
<testsuite hostname="BDC6-L-FCY7FL3" failures="0" tests="1" name="com.dataproviderdemo.Dataproviderdemo7" time="7.481" errors="0" timestamp="2022-08-18T18:00:55 IST" skipped="0">
  <testcase classname="com.dataproviderdemo.Dataproviderdemo7" name="TestAttribute2" time="7.481"/>
  <system-out/>
</testsuite> <!-- com.dataproviderdemo.Dataproviderdemo7 -->
