<?xml version="1.0" encoding="UTF-8"?>
<!-- Generated by org.testng.reporters.JUnitReportReporter -->
<testsuite hostname="BDC6-L-FCY7FL3" failures="0" tests="3" name="com.parallelexecution.paralleexceutiondemo2" time="0.004" errors="0" timestamp="2022-08-18T23:33:52 IST" skipped="0">
  <testcase classname="com.parallelexecution.paralleexceutiondemo2" name="Test6" time="0.001"/>
  <system-out/>
  <testcase classname="com.parallelexecution.paralleexceutiondemo2" name="Test5" time="0.001"/>
  <system-out/>
  <testcase classname="com.parallelexecution.paralleexceutiondemo2" name="Test7" time="0.002"/>
  <system-out/>
</testsuite> <!-- com.parallelexecution.paralleexceutiondemo2 -->
