<?xml version="1.0" encoding="UTF-8"?>
<!-- Generated by org.testng.reporters.JUnitReportReporter -->
<testsuite hostname="BDC6-L-FCY7FL3" failures="0" tests="3" name="com.dataproviderdemo.DataProvidderdemo5" time="44.510" errors="0" timestamp="2022-08-25T13:23:13 IST" skipped="0">
  <testcase classname="com.dataproviderdemo.DataProvidderdemo5" name="dataexceldemo" time="18.910"/>
  <system-out/>
  <testcase classname="com.dataproviderdemo.DataProvidderdemo5" name="dataexceldemo" time="14.555"/>
  <system-out/>
  <testcase classname="com.dataproviderdemo.DataProvidderdemo5" name="dataexceldemo" time="11.045"/>
  <system-out/>
</testsuite> <!-- com.dataproviderdemo.DataProvidderdemo5 -->
