<?xml version="1.0" encoding="UTF-8"?>
<!-- Generated by org.testng.reporters.JUnitReportReporter -->
<testsuite hostname="BDC6-L-FCY7FL3" failures="0" tests="5" name="com.dataproviderdemo.Dataproviderdemo6" time="136.036" errors="0" timestamp="2022-08-18T17:37:04 IST" skipped="0">
  <testcase classname="com.dataproviderdemo.Dataproviderdemo6" name="paralleexceution" time="15.973"/>
  <system-out/>
  <testcase classname="com.dataproviderdemo.Dataproviderdemo6" name="paralleexceution" time="28.553"/>
  <system-out/>
  <testcase classname="com.dataproviderdemo.Dataproviderdemo6" name="paralleexceution" time="31.517"/>
  <system-out/>
  <testcase classname="com.dataproviderdemo.Dataproviderdemo6" name="paralleexceution" time="39.450"/>
  <system-out/>
  <testcase classname="com.dataproviderdemo.Dataproviderdemo6" name="paralleexceution" time="20.543"/>
  <system-out/>
</testsuite> <!-- com.dataproviderdemo.Dataproviderdemo6 -->
