<?xml version="1.0" encoding="UTF-8"?>
<!-- Generated by org.testng.reporters.JUnitReportReporter -->
<testsuite hostname="BDC6-L-FCY7FL3" failures="0" tests="6" name="practicetestng.Flightbooking" time="0.016" errors="0" timestamp="2022-08-17T16:18:04 IST" skipped="0">
  <testcase classname="practicetestng.Flightbooking" name="signup" time="0.009"/>
  <system-out/>
  <testcase classname="practicetestng.Flightbooking" name="Login" time="0.001"/>
  <system-out/>
  <testcase classname="practicetestng.Flightbooking" name="Booktheflight" time="0.002"/>
  <system-out/>
  <testcase classname="practicetestng.Flightbooking" name="Serachfortheflight" time="0.001"/>
  <system-out/>
  <testcase classname="practicetestng.Flightbooking" name="saveTheticket" time="0.001"/>
  <system-out/>
  <testcase classname="practicetestng.Flightbooking" name="Logout" time="0.002"/>
  <system-out/>
</testsuite> <!-- practicetestng.Flightbooking -->
