<?xml version="1.0" encoding="UTF-8"?>
<!-- Generated by org.testng.reporters.JUnitReportReporter -->
<testsuite hostname="BDC6-L-FCY7FL3" failures="0" tests="1" name="practicetestng.firstclass" time="10.401" errors="0" timestamp="2022-08-17T14:33:08 IST" skipped="0">
  <testcase classname="practicetestng.firstclass" name="testgoogle" time="10.401"/>
  <system-out/>
</testsuite> <!-- practicetestng.firstclass -->
