<?xml version="1.0" encoding="UTF-8"?>
<!-- Generated by org.testng.reporters.JUnitReportReporter -->
<testsuite hostname="BDC6-L-FCY7FL3" failures="0" tests="2" name="com.dataproviderdemo.Dataproviderdemo" time="0.009" errors="0" timestamp="2022-08-18T11:52:59 IST" skipped="0">
  <testcase classname="com.dataproviderdemo.Dataproviderdemo" name="datalogin" time="0.008"/>
  <system-out/>
  <testcase classname="com.dataproviderdemo.Dataproviderdemo" name="datalogin" time="0.001"/>
  <system-out/>
</testsuite> <!-- com.dataproviderdemo.Dataproviderdemo -->
