<?xml version="1.0" encoding="UTF-8"?>
<!-- Generated by org.testng.reporters.JUnitReportReporter -->
<testsuite hostname="BDC6-L-FCY7FL3" failures="0" tests="3" name="com.grouptest.newtest1" time="0.005" errors="0" timestamp="2022-08-17T21:56:22 IST" skipped="0">
  <testcase classname="com.grouptest.newtest1" name="Test3" time="0.002"/>
  <system-out/>
  <testcase classname="com.grouptest.newtest1" name="Test2" time="0.001"/>
  <system-out/>
  <testcase classname="com.grouptest.newtest1" name="Test1" time="0.002"/>
  <system-out/>
</testsuite> <!-- com.grouptest.newtest1 -->
