<?xml version="1.0" encoding="UTF-8"?>
<!-- Generated by org.testng.reporters.JUnitReportReporter -->
<testsuite hostname="BDC6-L-FCY7FL3" failures="0" tests="4" name="com.grouptest.newtest2" time="0.015" errors="0" timestamp="2022-08-17T21:56:22 IST" skipped="0">
  <testcase classname="com.grouptest.newtest2" name="Test5" time="0.002"/>
  <system-out/>
  <testcase classname="com.grouptest.newtest2" name="Test7" time="0.001"/>
  <system-out/>
  <testcase classname="com.grouptest.newtest2" name="Test6" time="0.001"/>
  <system-out/>
  <testcase classname="com.grouptest.newtest2" name="Test4" time="0.011"/>
  <system-out/>
</testsuite> <!-- com.grouptest.newtest2 -->
