<?xml version="1.0" encoding="UTF-8"?>
<!-- Generated by org.testng.reporters.JUnitReportReporter -->
<testsuite hostname="BDC6-L-FCY7FL3" failures="0" tests="3" name="com.dataproviderdemo.excelpracticemain" time="0.008" errors="0" timestamp="2022-08-18T15:18:24 IST" skipped="0">
  <testcase classname="com.dataproviderdemo.excelpracticemain" name="excelmain" time="0.001"/>
  <system-out/>
  <testcase classname="com.dataproviderdemo.excelpracticemain" name="excelmain" time="0.001"/>
  <system-out/>
  <testcase classname="com.dataproviderdemo.excelpracticemain" name="excelmain" time="0.006"/>
  <system-out/>
</testsuite> <!-- com.dataproviderdemo.excelpracticemain -->
