<?xml version="1.0" encoding="UTF-8"?>
<!-- Generated by org.testng.reporters.JUnitReportReporter -->
<testsuite hostname="BDC6-L-FCY7FL3" failures="0" tests="4" name="com.parallelexecution.parallelexedemo1" time="0.019" errors="0" timestamp="2022-08-18T23:33:52 IST" skipped="0">
  <testcase classname="com.parallelexecution.parallelexedemo1" name="Test1" time="0.008"/>
  <system-out/>
  <testcase classname="com.parallelexecution.parallelexedemo1" name="Test3" time="0.001"/>
  <system-out/>
  <testcase classname="com.parallelexecution.parallelexedemo1" name="Test2" time="0.008"/>
  <system-out/>
  <testcase classname="com.parallelexecution.parallelexedemo1" name="Test4" time="0.002"/>
  <system-out/>
</testsuite> <!-- com.parallelexecution.parallelexedemo1 -->
