<?xml version="1.0" encoding="UTF-8"?>
<!-- Generated by org.testng.reporters.JUnitReportReporter -->
<testsuite hostname="BDC6-L-FCY7FL3" failures="0" tests="3" name="com.test.demotest.ignoringdemo" time="0.007" errors="0" timestamp="2022-08-17T16:36:39 IST" skipped="2">
  <testcase classname="com.test.demotest.ignoringdemo" name="Test2" time="0.007"/>
  <system-out/>
  <testcase classname="com.test.demotest.ignoringdemo" name="Test3">
    <skipped/>
  </testcase> <!-- Test3 -->
  <system-out/>
  <testcase classname="com.test.demotest.ignoringdemo" name="Test1">
    <skipped/>
  </testcase> <!-- Test1 -->
  <system-out/>
</testsuite> <!-- com.test.demotest.ignoringdemo -->
