<?xml version="1.0" encoding="UTF-8"?>
<!-- Generated by org.testng.reporters.JUnitReportReporter -->
<testsuite hostname="BDC6-L-FCY7FL3" failures="0" tests="4" name="com.dataproviderdemo.Dataprovidedemo4" time="0.014" errors="0" timestamp="2022-08-18T12:25:06 IST" skipped="0">
  <testcase classname="com.dataproviderdemo.Dataprovidedemo4" name="test1" time="0.002"/>
  <system-out/>
  <testcase classname="com.dataproviderdemo.Dataprovidedemo4" name="test1" time="0.009"/>
  <system-out/>
  <testcase classname="com.dataproviderdemo.Dataprovidedemo4" name="test1" time="0.002"/>
  <system-out/>
  <testcase classname="com.dataproviderdemo.Dataprovidedemo4" name="test1" time="0.001"/>
  <system-out/>
</testsuite> <!-- com.dataproviderdemo.Dataprovidedemo4 -->
